<?xml version="1.0" encoding="UTF-8"?>
<!-- Generated by org.testng.reporters.JUnitReportReporter -->
<testsuite hostname="DESKTOP-SPP0FTF" failures="0" tests="1" name="com.sgtesting.actitime.driverscript.DriverScript" time="109.884" errors="0" timestamp="2022-03-19T20:03:58 IST" skipped="0">
  <testcase classname="com.sgtesting.actitime.driverscript.DriverScript" name="executeTestScenarios" time="109.884"/>
  <system-out/>
</testsuite> <!-- com.sgtesting.actitime.driverscript.DriverScript -->
