<?xml version="1.0" encoding="UTF-8"?>
<!-- Generated by org.testng.reporters.JUnitReportReporter -->
<testsuite hostname="DESKTOP-SPP0FTF" failures="0" tests="6" name="com.sgtesting.testngassignments.TestngAssign1" time="23.096" errors="0" timestamp="2022-03-16T12:21:00 IST" skipped="0">
  <testcase classname="com.sgtesting.testngassignments.TestngAssign1" name="launchBrowser" time="6.149"/>
  <system-out/>
  <testcase classname="com.sgtesting.testngassignments.TestngAssign1" name="navigate" time="3.181"/>
  <system-out/>
  <testcase classname="com.sgtesting.testngassignments.TestngAssign1" name="login" time="8.451"/>
  <system-out/>
  <testcase classname="com.sgtesting.testngassignments.TestngAssign1" name="minimizeFlyOutWindow" time="2.180"/>
  <system-out/>
  <testcase classname="com.sgtesting.testngassignments.TestngAssign1" name="logout" time="2.888"/>
  <system-out/>
  <testcase classname="com.sgtesting.testngassignments.TestngAssign1" name="closeapplication" time="0.247"/>
  <system-out/>
</testsuite> <!-- com.sgtesting.testngassignments.TestngAssign1 -->
